<?xml version="1.0" encoding="UTF-8"?>
<testsuite xmlns:xsi="http://www.w3.org/2001/XMLSchema-instance" xsi:noNamespaceSchemaLocation="https://maven.apache.org/surefire/maven-surefire-plugin/xsd/surefire-test-report-3.0.xsd" version="3.0" name="TestSuite" time="129.527" tests="21" errors="0" skipped="0" failures="0">
  <properties>
    <property name="java.specification.version" value="21"/>
    <property name="sun.cpu.isalist" value="amd64"/>
    <property name="sun.jnu.encoding" value="Cp1252"/>
    <property name="sun.awt.enableExtraMouseButtons" value="true"/>
    <property name="java.class.path" value="C:\Users\v-rkammili\OneDrive - Microsoft\Automation_Projects\Scrapper_autoamtion\Scrapper_autoamtion\target\test-classes;C:\Users\v-rkammili\OneDrive - Microsoft\Automation_Projects\Scrapper_autoamtion\Scrapper_autoamtion\target\classes;C:\Users\v-rkammili\.m2\repository\com\sparkjava\spark-core\2.9.4\spark-core-2.9.4.jar;C:\Users\v-rkammili\.m2\repository\org\slf4j\slf4j-api\1.7.25\slf4j-api-1.7.25.jar;C:\Users\v-rkammili\.m2\repository\org\eclipse\jetty\jetty-server\9.4.48.v20220622\jetty-server-9.4.48.v20220622.jar;C:\Users\v-rkammili\.m2\repository\javax\servlet\javax.servlet-api\3.1.0\javax.servlet-api-3.1.0.jar;C:\Users\v-rkammili\.m2\repository\org\eclipse\jetty\jetty-http\9.4.48.v20220622\jetty-http-9.4.48.v20220622.jar;C:\Users\v-rkammili\.m2\repository\org\eclipse\jetty\jetty-util\9.4.48.v20220622\jetty-util-9.4.48.v20220622.jar;C:\Users\v-rkammili\.m2\repository\org\eclipse\jetty\jetty-io\9.4.48.v20220622\jetty-io-9.4.48.v20220622.jar;C:\Users\v-rkammili\.m2\repository\org\eclipse\jetty\jetty-webapp\9.4.48.v20220622\jetty-webapp-9.4.48.v20220622.jar;C:\Users\v-rkammili\.m2\repository\org\eclipse\jetty\jetty-xml\9.4.48.v20220622\jetty-xml-9.4.48.v20220622.jar;C:\Users\v-rkammili\.m2\repository\org\eclipse\jetty\jetty-servlet\9.4.48.v20220622\jetty-servlet-9.4.48.v20220622.jar;C:\Users\v-rkammili\.m2\repository\org\eclipse\jetty\jetty-security\9.4.48.v20220622\jetty-security-9.4.48.v20220622.jar;C:\Users\v-rkammili\.m2\repository\org\eclipse\jetty\jetty-util-ajax\9.4.48.v20220622\jetty-util-ajax-9.4.48.v20220622.jar;C:\Users\v-rkammili\.m2\repository\org\eclipse\jetty\websocket\websocket-server\9.4.48.v20220622\websocket-server-9.4.48.v20220622.jar;C:\Users\v-rkammili\.m2\repository\org\eclipse\jetty\websocket\websocket-common\9.4.48.v20220622\websocket-common-9.4.48.v20220622.jar;C:\Users\v-rkammili\.m2\repository\org\eclipse\jetty\websocket\websocket-client\9.4.48.v20220622\websocket-client-9.4.48.v20220622.jar;C:\Users\v-rkammili\.m2\repository\org\eclipse\jetty\jetty-client\9.4.48.v20220622\jetty-client-9.4.48.v20220622.jar;C:\Users\v-rkammili\.m2\repository\org\eclipse\jetty\websocket\websocket-servlet\9.4.48.v20220622\websocket-servlet-9.4.48.v20220622.jar;C:\Users\v-rkammili\.m2\repository\org\eclipse\jetty\websocket\websocket-api\9.4.48.v20220622\websocket-api-9.4.48.v20220622.jar;C:\Users\v-rkammili\.m2\repository\org\apache\logging\log4j\log4j-core\2.25.0\log4j-core-2.25.0.jar;C:\Users\v-rkammili\.m2\repository\org\apache\logging\log4j\log4j-api\2.25.0\log4j-api-2.25.0.jar;C:\Users\v-rkammili\.m2\repository\org\seleniumhq\selenium\selenium-java\4.32.0\selenium-java-4.32.0.jar;C:\Users\v-rkammili\.m2\repository\org\seleniumhq\selenium\selenium-api\4.32.0\selenium-api-4.32.0.jar;C:\Users\v-rkammili\.m2\repository\org\jspecify\jspecify\1.0.0\jspecify-1.0.0.jar;C:\Users\v-rkammili\.m2\repository\org\seleniumhq\selenium\selenium-chrome-driver\4.32.0\selenium-chrome-driver-4.32.0.jar;C:\Users\v-rkammili\.m2\repository\com\google\auto\service\auto-service-annotations\1.1.1\auto-service-annotations-1.1.1.jar;C:\Users\v-rkammili\.m2\repository\org\seleniumhq\selenium\selenium-chromium-driver\4.32.0\selenium-chromium-driver-4.32.0.jar;C:\Users\v-rkammili\.m2\repository\org\seleniumhq\selenium\selenium-json\4.32.0\selenium-json-4.32.0.jar;C:\Users\v-rkammili\.m2\repository\org\seleniumhq\selenium\selenium-manager\4.32.0\selenium-manager-4.32.0.jar;C:\Users\v-rkammili\.m2\repository\org\seleniumhq\selenium\selenium-devtools-v134\4.32.0\selenium-devtools-v134-4.32.0.jar;C:\Users\v-rkammili\.m2\repository\org\seleniumhq\selenium\selenium-devtools-v135\4.32.0\selenium-devtools-v135-4.32.0.jar;C:\Users\v-rkammili\.m2\repository\org\seleniumhq\selenium\selenium-devtools-v136\4.32.0\selenium-devtools-v136-4.32.0.jar;C:\Users\v-rkammili\.m2\repository\org\seleniumhq\selenium\selenium-edge-driver\4.32.0\selenium-edge-driver-4.32.0.jar;C:\Users\v-rkammili\.m2\repository\org\seleniumhq\selenium\selenium-firefox-driver\4.32.0\selenium-firefox-driver-4.32.0.jar;C:\Users\v-rkammili\.m2\repository\org\seleniumhq\selenium\selenium-http\4.32.0\selenium-http-4.32.0.jar;C:\Users\v-rkammili\.m2\repository\org\seleniumhq\selenium\selenium-ie-driver\4.32.0\selenium-ie-driver-4.32.0.jar;C:\Users\v-rkammili\.m2\repository\org\seleniumhq\selenium\selenium-remote-driver\4.32.0\selenium-remote-driver-4.32.0.jar;C:\Users\v-rkammili\.m2\repository\com\google\guava\guava\33.4.8-jre\guava-33.4.8-jre.jar;C:\Users\v-rkammili\.m2\repository\com\google\guava\failureaccess\1.0.3\failureaccess-1.0.3.jar;C:\Users\v-rkammili\.m2\repository\com\google\guava\listenablefuture\9999.0-empty-to-avoid-conflict-with-guava\listenablefuture-9999.0-empty-to-avoid-conflict-with-guava.jar;C:\Users\v-rkammili\.m2\repository\com\google\errorprone\error_prone_annotations\2.36.0\error_prone_annotations-2.36.0.jar;C:\Users\v-rkammili\.m2\repository\com\google\j2objc\j2objc-annotations\3.0.0\j2objc-annotations-3.0.0.jar;C:\Users\v-rkammili\.m2\repository\io\opentelemetry\opentelemetry-api\1.49.0\opentelemetry-api-1.49.0.jar;C:\Users\v-rkammili\.m2\repository\io\opentelemetry\opentelemetry-context\1.49.0\opentelemetry-context-1.49.0.jar;C:\Users\v-rkammili\.m2\repository\io\opentelemetry\opentelemetry-exporter-logging\1.49.0\opentelemetry-exporter-logging-1.49.0.jar;C:\Users\v-rkammili\.m2\repository\io\opentelemetry\opentelemetry-sdk-common\1.49.0\opentelemetry-sdk-common-1.49.0.jar;C:\Users\v-rkammili\.m2\repository\io\opentelemetry\opentelemetry-sdk-extension-autoconfigure-spi\1.49.0\opentelemetry-sdk-extension-autoconfigure-spi-1.49.0.jar;C:\Users\v-rkammili\.m2\repository\io\opentelemetry\opentelemetry-sdk-extension-autoconfigure\1.49.0\opentelemetry-sdk-extension-autoconfigure-1.49.0.jar;C:\Users\v-rkammili\.m2\repository\io\opentelemetry\opentelemetry-sdk-trace\1.49.0\opentelemetry-sdk-trace-1.49.0.jar;C:\Users\v-rkammili\.m2\repository\io\opentelemetry\opentelemetry-sdk\1.49.0\opentelemetry-sdk-1.49.0.jar;C:\Users\v-rkammili\.m2\repository\io\opentelemetry\opentelemetry-sdk-metrics\1.49.0\opentelemetry-sdk-metrics-1.49.0.jar;C:\Users\v-rkammili\.m2\repository\io\opentelemetry\opentelemetry-sdk-logs\1.49.0\opentelemetry-sdk-logs-1.49.0.jar;C:\Users\v-rkammili\.m2\repository\net\bytebuddy\byte-buddy\1.17.5\byte-buddy-1.17.5.jar;C:\Users\v-rkammili\.m2\repository\org\seleniumhq\selenium\selenium-os\4.32.0\selenium-os-4.32.0.jar;C:\Users\v-rkammili\.m2\repository\org\apache\commons\commons-exec\1.4.0\commons-exec-1.4.0.jar;C:\Users\v-rkammili\.m2\repository\org\seleniumhq\selenium\selenium-safari-driver\4.32.0\selenium-safari-driver-4.32.0.jar;C:\Users\v-rkammili\.m2\repository\org\seleniumhq\selenium\selenium-support\4.32.0\selenium-support-4.32.0.jar;C:\Users\v-rkammili\.m2\repository\org\testng\testng\7.11.0\testng-7.11.0.jar;C:\Users\v-rkammili\.m2\repository\org\jcommander\jcommander\1.83\jcommander-1.83.jar;C:\Users\v-rkammili\.m2\repository\org\webjars\jquery\3.7.1\jquery-3.7.1.jar;C:\Users\v-rkammili\.m2\repository\org\apache\poi\poi\5.4.1\poi-5.4.1.jar;C:\Users\v-rkammili\.m2\repository\commons-codec\commons-codec\1.18.0\commons-codec-1.18.0.jar;C:\Users\v-rkammili\.m2\repository\org\apache\commons\commons-collections4\4.4\commons-collections4-4.4.jar;C:\Users\v-rkammili\.m2\repository\org\apache\commons\commons-math3\3.6.1\commons-math3-3.6.1.jar;C:\Users\v-rkammili\.m2\repository\commons-io\commons-io\2.18.0\commons-io-2.18.0.jar;C:\Users\v-rkammili\.m2\repository\com\zaxxer\SparseBitSet\1.3\SparseBitSet-1.3.jar;C:\Users\v-rkammili\.m2\repository\com\aventstack\extentreports\5.1.2\extentreports-5.1.2.jar;C:\Users\v-rkammili\.m2\repository\io\reactivex\rxjava3\rxjava\3.1.6\rxjava-3.1.6.jar;C:\Users\v-rkammili\.m2\repository\org\reactivestreams\reactive-streams\1.0.4\reactive-streams-1.0.4.jar;C:\Users\v-rkammili\.m2\repository\org\freemarker\freemarker\2.3.32\freemarker-2.3.32.jar;C:\Users\v-rkammili\.m2\repository\org\projectlombok\lombok\1.18.26\lombok-1.18.26.jar;C:\Users\v-rkammili\.m2\repository\com\google\code\gson\gson\2.10.1\gson-2.10.1.jar;C:\Users\v-rkammili\.m2\repository\org\apache\poi\poi-ooxml\5.4.1\poi-ooxml-5.4.1.jar;C:\Users\v-rkammili\.m2\repository\org\apache\poi\poi-ooxml-lite\5.4.1\poi-ooxml-lite-5.4.1.jar;C:\Users\v-rkammili\.m2\repository\org\apache\xmlbeans\xmlbeans\5.3.0\xmlbeans-5.3.0.jar;C:\Users\v-rkammili\.m2\repository\org\apache\commons\commons-compress\1.27.1\commons-compress-1.27.1.jar;C:\Users\v-rkammili\.m2\repository\org\apache\commons\commons-lang3\3.16.0\commons-lang3-3.16.0.jar;C:\Users\v-rkammili\.m2\repository\com\github\virtuald\curvesapi\1.08\curvesapi-1.08.jar;C:\Users\v-rkammili\.m2\repository\com\sun\mail\jakarta.mail\2.0.1\jakarta.mail-2.0.1.jar;C:\Users\v-rkammili\.m2\repository\com\sun\activation\jakarta.activation\2.0.1\jakarta.activation-2.0.1.jar;"/>
    <property name="java.vm.vendor" value="Oracle Corporation"/>
    <property name="sun.arch.data.model" value="64"/>
    <property name="user.variant" value=""/>
    <property name="java.vendor.url" value="https://java.oracle.com/"/>
    <property name="user.timezone" value="Asia/Calcutta"/>
    <property name="os.name" value="Windows 11"/>
    <property name="java.vm.specification.version" value="21"/>
    <property name="sun.java.launcher" value="SUN_STANDARD"/>
    <property name="user.country" value="IN"/>
    <property name="sun.boot.library.path" value="C:\Program Files\Java\jdk-21\bin"/>
    <property name="sun.java.command" value="C:\Users\v-rkammili\AppData\Local\Temp\surefire13393117083520057488\surefirebooter-20250803125924155_3.jar C:\Users\v-rkammili\AppData\Local\Temp\surefire13393117083520057488 2025-08-03T12-59-23_656-jvmRun1 surefire-20250803125924155_1tmp surefire_0-20250803125924155_2tmp"/>
    <property name="jdk.debug" value="release"/>
    <property name="surefire.test.class.path" value="C:\Users\v-rkammili\OneDrive - Microsoft\Automation_Projects\Scrapper_autoamtion\Scrapper_autoamtion\target\test-classes;C:\Users\v-rkammili\OneDrive - Microsoft\Automation_Projects\Scrapper_autoamtion\Scrapper_autoamtion\target\classes;C:\Users\v-rkammili\.m2\repository\com\sparkjava\spark-core\2.9.4\spark-core-2.9.4.jar;C:\Users\v-rkammili\.m2\repository\org\slf4j\slf4j-api\1.7.25\slf4j-api-1.7.25.jar;C:\Users\v-rkammili\.m2\repository\org\eclipse\jetty\jetty-server\9.4.48.v20220622\jetty-server-9.4.48.v20220622.jar;C:\Users\v-rkammili\.m2\repository\javax\servlet\javax.servlet-api\3.1.0\javax.servlet-api-3.1.0.jar;C:\Users\v-rkammili\.m2\repository\org\eclipse\jetty\jetty-http\9.4.48.v20220622\jetty-http-9.4.48.v20220622.jar;C:\Users\v-rkammili\.m2\repository\org\eclipse\jetty\jetty-util\9.4.48.v20220622\jetty-util-9.4.48.v20220622.jar;C:\Users\v-rkammili\.m2\repository\org\eclipse\jetty\jetty-io\9.4.48.v20220622\jetty-io-9.4.48.v20220622.jar;C:\Users\v-rkammili\.m2\repository\org\eclipse\jetty\jetty-webapp\9.4.48.v20220622\jetty-webapp-9.4.48.v20220622.jar;C:\Users\v-rkammili\.m2\repository\org\eclipse\jetty\jetty-xml\9.4.48.v20220622\jetty-xml-9.4.48.v20220622.jar;C:\Users\v-rkammili\.m2\repository\org\eclipse\jetty\jetty-servlet\9.4.48.v20220622\jetty-servlet-9.4.48.v20220622.jar;C:\Users\v-rkammili\.m2\repository\org\eclipse\jetty\jetty-security\9.4.48.v20220622\jetty-security-9.4.48.v20220622.jar;C:\Users\v-rkammili\.m2\repository\org\eclipse\jetty\jetty-util-ajax\9.4.48.v20220622\jetty-util-ajax-9.4.48.v20220622.jar;C:\Users\v-rkammili\.m2\repository\org\eclipse\jetty\websocket\websocket-server\9.4.48.v20220622\websocket-server-9.4.48.v20220622.jar;C:\Users\v-rkammili\.m2\repository\org\eclipse\jetty\websocket\websocket-common\9.4.48.v20220622\websocket-common-9.4.48.v20220622.jar;C:\Users\v-rkammili\.m2\repository\org\eclipse\jetty\websocket\websocket-client\9.4.48.v20220622\websocket-client-9.4.48.v20220622.jar;C:\Users\v-rkammili\.m2\repository\org\eclipse\jetty\jetty-client\9.4.48.v20220622\jetty-client-9.4.48.v20220622.jar;C:\Users\v-rkammili\.m2\repository\org\eclipse\jetty\websocket\websocket-servlet\9.4.48.v20220622\websocket-servlet-9.4.48.v20220622.jar;C:\Users\v-rkammili\.m2\repository\org\eclipse\jetty\websocket\websocket-api\9.4.48.v20220622\websocket-api-9.4.48.v20220622.jar;C:\Users\v-rkammili\.m2\repository\org\apache\logging\log4j\log4j-core\2.25.0\log4j-core-2.25.0.jar;C:\Users\v-rkammili\.m2\repository\org\apache\logging\log4j\log4j-api\2.25.0\log4j-api-2.25.0.jar;C:\Users\v-rkammili\.m2\repository\org\seleniumhq\selenium\selenium-java\4.32.0\selenium-java-4.32.0.jar;C:\Users\v-rkammili\.m2\repository\org\seleniumhq\selenium\selenium-api\4.32.0\selenium-api-4.32.0.jar;C:\Users\v-rkammili\.m2\repository\org\jspecify\jspecify\1.0.0\jspecify-1.0.0.jar;C:\Users\v-rkammili\.m2\repository\org\seleniumhq\selenium\selenium-chrome-driver\4.32.0\selenium-chrome-driver-4.32.0.jar;C:\Users\v-rkammili\.m2\repository\com\google\auto\service\auto-service-annotations\1.1.1\auto-service-annotations-1.1.1.jar;C:\Users\v-rkammili\.m2\repository\org\seleniumhq\selenium\selenium-chromium-driver\4.32.0\selenium-chromium-driver-4.32.0.jar;C:\Users\v-rkammili\.m2\repository\org\seleniumhq\selenium\selenium-json\4.32.0\selenium-json-4.32.0.jar;C:\Users\v-rkammili\.m2\repository\org\seleniumhq\selenium\selenium-manager\4.32.0\selenium-manager-4.32.0.jar;C:\Users\v-rkammili\.m2\repository\org\seleniumhq\selenium\selenium-devtools-v134\4.32.0\selenium-devtools-v134-4.32.0.jar;C:\Users\v-rkammili\.m2\repository\org\seleniumhq\selenium\selenium-devtools-v135\4.32.0\selenium-devtools-v135-4.32.0.jar;C:\Users\v-rkammili\.m2\repository\org\seleniumhq\selenium\selenium-devtools-v136\4.32.0\selenium-devtools-v136-4.32.0.jar;C:\Users\v-rkammili\.m2\repository\org\seleniumhq\selenium\selenium-edge-driver\4.32.0\selenium-edge-driver-4.32.0.jar;C:\Users\v-rkammili\.m2\repository\org\seleniumhq\selenium\selenium-firefox-driver\4.32.0\selenium-firefox-driver-4.32.0.jar;C:\Users\v-rkammili\.m2\repository\org\seleniumhq\selenium\selenium-http\4.32.0\selenium-http-4.32.0.jar;C:\Users\v-rkammili\.m2\repository\org\seleniumhq\selenium\selenium-ie-driver\4.32.0\selenium-ie-driver-4.32.0.jar;C:\Users\v-rkammili\.m2\repository\org\seleniumhq\selenium\selenium-remote-driver\4.32.0\selenium-remote-driver-4.32.0.jar;C:\Users\v-rkammili\.m2\repository\com\google\guava\guava\33.4.8-jre\guava-33.4.8-jre.jar;C:\Users\v-rkammili\.m2\repository\com\google\guava\failureaccess\1.0.3\failureaccess-1.0.3.jar;C:\Users\v-rkammili\.m2\repository\com\google\guava\listenablefuture\9999.0-empty-to-avoid-conflict-with-guava\listenablefuture-9999.0-empty-to-avoid-conflict-with-guava.jar;C:\Users\v-rkammili\.m2\repository\com\google\errorprone\error_prone_annotations\2.36.0\error_prone_annotations-2.36.0.jar;C:\Users\v-rkammili\.m2\repository\com\google\j2objc\j2objc-annotations\3.0.0\j2objc-annotations-3.0.0.jar;C:\Users\v-rkammili\.m2\repository\io\opentelemetry\opentelemetry-api\1.49.0\opentelemetry-api-1.49.0.jar;C:\Users\v-rkammili\.m2\repository\io\opentelemetry\opentelemetry-context\1.49.0\opentelemetry-context-1.49.0.jar;C:\Users\v-rkammili\.m2\repository\io\opentelemetry\opentelemetry-exporter-logging\1.49.0\opentelemetry-exporter-logging-1.49.0.jar;C:\Users\v-rkammili\.m2\repository\io\opentelemetry\opentelemetry-sdk-common\1.49.0\opentelemetry-sdk-common-1.49.0.jar;C:\Users\v-rkammili\.m2\repository\io\opentelemetry\opentelemetry-sdk-extension-autoconfigure-spi\1.49.0\opentelemetry-sdk-extension-autoconfigure-spi-1.49.0.jar;C:\Users\v-rkammili\.m2\repository\io\opentelemetry\opentelemetry-sdk-extension-autoconfigure\1.49.0\opentelemetry-sdk-extension-autoconfigure-1.49.0.jar;C:\Users\v-rkammili\.m2\repository\io\opentelemetry\opentelemetry-sdk-trace\1.49.0\opentelemetry-sdk-trace-1.49.0.jar;C:\Users\v-rkammili\.m2\repository\io\opentelemetry\opentelemetry-sdk\1.49.0\opentelemetry-sdk-1.49.0.jar;C:\Users\v-rkammili\.m2\repository\io\opentelemetry\opentelemetry-sdk-metrics\1.49.0\opentelemetry-sdk-metrics-1.49.0.jar;C:\Users\v-rkammili\.m2\repository\io\opentelemetry\opentelemetry-sdk-logs\1.49.0\opentelemetry-sdk-logs-1.49.0.jar;C:\Users\v-rkammili\.m2\repository\net\bytebuddy\byte-buddy\1.17.5\byte-buddy-1.17.5.jar;C:\Users\v-rkammili\.m2\repository\org\seleniumhq\selenium\selenium-os\4.32.0\selenium-os-4.32.0.jar;C:\Users\v-rkammili\.m2\repository\org\apache\commons\commons-exec\1.4.0\commons-exec-1.4.0.jar;C:\Users\v-rkammili\.m2\repository\org\seleniumhq\selenium\selenium-safari-driver\4.32.0\selenium-safari-driver-4.32.0.jar;C:\Users\v-rkammili\.m2\repository\org\seleniumhq\selenium\selenium-support\4.32.0\selenium-support-4.32.0.jar;C:\Users\v-rkammili\.m2\repository\org\testng\testng\7.11.0\testng-7.11.0.jar;C:\Users\v-rkammili\.m2\repository\org\jcommander\jcommander\1.83\jcommander-1.83.jar;C:\Users\v-rkammili\.m2\repository\org\webjars\jquery\3.7.1\jquery-3.7.1.jar;C:\Users\v-rkammili\.m2\repository\org\apache\poi\poi\5.4.1\poi-5.4.1.jar;C:\Users\v-rkammili\.m2\repository\commons-codec\commons-codec\1.18.0\commons-codec-1.18.0.jar;C:\Users\v-rkammili\.m2\repository\org\apache\commons\commons-collections4\4.4\commons-collections4-4.4.jar;C:\Users\v-rkammili\.m2\repository\org\apache\commons\commons-math3\3.6.1\commons-math3-3.6.1.jar;C:\Users\v-rkammili\.m2\repository\commons-io\commons-io\2.18.0\commons-io-2.18.0.jar;C:\Users\v-rkammili\.m2\repository\com\zaxxer\SparseBitSet\1.3\SparseBitSet-1.3.jar;C:\Users\v-rkammili\.m2\repository\com\aventstack\extentreports\5.1.2\extentreports-5.1.2.jar;C:\Users\v-rkammili\.m2\repository\io\reactivex\rxjava3\rxjava\3.1.6\rxjava-3.1.6.jar;C:\Users\v-rkammili\.m2\repository\org\reactivestreams\reactive-streams\1.0.4\reactive-streams-1.0.4.jar;C:\Users\v-rkammili\.m2\repository\org\freemarker\freemarker\2.3.32\freemarker-2.3.32.jar;C:\Users\v-rkammili\.m2\repository\org\projectlombok\lombok\1.18.26\lombok-1.18.26.jar;C:\Users\v-rkammili\.m2\repository\com\google\code\gson\gson\2.10.1\gson-2.10.1.jar;C:\Users\v-rkammili\.m2\repository\org\apache\poi\poi-ooxml\5.4.1\poi-ooxml-5.4.1.jar;C:\Users\v-rkammili\.m2\repository\org\apache\poi\poi-ooxml-lite\5.4.1\poi-ooxml-lite-5.4.1.jar;C:\Users\v-rkammili\.m2\repository\org\apache\xmlbeans\xmlbeans\5.3.0\xmlbeans-5.3.0.jar;C:\Users\v-rkammili\.m2\repository\org\apache\commons\commons-compress\1.27.1\commons-compress-1.27.1.jar;C:\Users\v-rkammili\.m2\repository\org\apache\commons\commons-lang3\3.16.0\commons-lang3-3.16.0.jar;C:\Users\v-rkammili\.m2\repository\com\github\virtuald\curvesapi\1.08\curvesapi-1.08.jar;C:\Users\v-rkammili\.m2\repository\com\sun\mail\jakarta.mail\2.0.1\jakarta.mail-2.0.1.jar;C:\Users\v-rkammili\.m2\repository\com\sun\activation\jakarta.activation\2.0.1\jakarta.activation-2.0.1.jar;"/>
    <property name="sun.cpu.endian" value="little"/>
    <property name="user.home" value="C:\Users\v-rkammili"/>
    <property name="user.language" value="en"/>
    <property name="java.specification.vendor" value="Oracle Corporation"/>
    <property name="java.version.date" value="2025-07-15"/>
    <property name="java.home" value="C:\Program Files\Java\jdk-21"/>
    <property name="javax.accessibility.assistive_technologies" value="com.sun.java.accessibility.AccessBridge"/>
    <property name="file.separator" value="\"/>
    <property name="basedir" value="C:\Users\v-rkammili\OneDrive - Microsoft\Automation_Projects\Scrapper_autoamtion\Scrapper_autoamtion"/>
    <property name="java.vm.compressedOopsMode" value="Zero based"/>
    <property name="line.separator" value="&#10;"/>
    <property name="java.vm.specification.vendor" value="Oracle Corporation"/>
    <property name="java.specification.name" value="Java Platform API Specification"/>
    <property name="javax.accessibility.screen_magnifier_present" value="true"/>
    <property name="surefire.real.class.path" value="C:\Users\v-rkammili\AppData\Local\Temp\surefire13393117083520057488\surefirebooter-20250803125924155_3.jar"/>
    <property name="user.script" value=""/>
    <property name="sun.management.compiler" value="HotSpot 64-Bit Tiered Compilers"/>
    <property name="java.runtime.version" value="21.0.8+12-LTS-250"/>
    <property name="user.name" value="v-rkammili"/>
    <property name="stdout.encoding" value="Cp1252"/>
    <property name="path.separator" value=";"/>
    <property name="os.version" value="10.0"/>
    <property name="java.runtime.name" value="Java(TM) SE Runtime Environment"/>
    <property name="file.encoding" value="UTF-8"/>
    <property name="java.vm.name" value="Java HotSpot(TM) 64-Bit Server VM"/>
    <property name="localRepository" value="C:\Users\v-rkammili\.m2\repository"/>
    <property name="java.vendor.url.bug" value="https://bugreport.java.com/bugreport/"/>
    <property name="java.io.tmpdir" value="C:\Users\V-RKAM~1\AppData\Local\Temp\"/>
    <property name="java.version" value="21.0.8"/>
    <property name="user.dir" value="C:\Users\v-rkammili\OneDrive - Microsoft\Automation_Projects\Scrapper_autoamtion\Scrapper_autoamtion"/>
    <property name="os.arch" value="amd64"/>
    <property name="java.vm.specification.name" value="Java Virtual Machine Specification"/>
    <property name="sun.os.patch.level" value=""/>
    <property name="native.encoding" value="Cp1252"/>
    <property name="java.library.path" value="C:\Program Files\Java\jdk-21\bin;C:\WINDOWS\Sun\Java\bin;C:\WINDOWS\system32;C:\WINDOWS;C:\Program Files\Common Files\Oracle\Java\javapath;C:\Program Files\dotnet\;C:\Program Files\Git\cmd;C:\Program Files\Microsoft SQL Server\150\Tools\Binn\;C:\Program Files\Microsoft SQL Server\Client SDK\ODBC\170\Tools\Binn\;C:\Users\v-rkammili\AppData\Local\Microsoft\WindowsApps;C:\Users\v-rkammili\AppData\Local\Microsoft\WinGet\Packages\Schniz.fnm_Microsoft.Winget.Source_8wekyb3d8bbwe;C:\Users\v-rkammili\AppData\Roaming\npm;C:\Users\v-rkammili\AppData\Local\Programs\Microsoft VS Code\bin;C:\Program Files\nodejs;C:\Program Files\nodejs\node_modules;C:\Program Files\Java\jdk-21;C:\Program Files\JetBrains\IntelliJ IDEA Community Edition 2025.1.2\bin;C:\apache-maven-3.9.11-bin\apache-maven-3.9.11\bin;C:\Users\v-rkammili\.dotnet\tools;."/>
    <property name="java.vm.info" value="mixed mode, sharing"/>
    <property name="stderr.encoding" value="Cp1252"/>
    <property name="java.vendor" value="Oracle Corporation"/>
    <property name="java.vm.version" value="21.0.8+12-LTS-250"/>
    <property name="sun.io.unicode.encoding" value="UnicodeLittle"/>
    <property name="java.class.version" value="65.0"/>
  </properties>
  <testcase name="twitterLanding" classname="OG_image.ScrappersTwitter" time="22.022">
    <system-out><![CDATA[Before suite/
2025-08-03 12:59:36 [TestNG-tests-2] INFO  Log - Browser session satrted...
2025-08-03 12:59:36 [TestNG-tests-1] INFO  Log - Browser session satrted...
2025-08-03 12:59:49 [TestNG-tests-1] INFO  Log - Navigating to facebook post incepator page...
2025-08-03 12:59:55 [TestNG-tests-2] INFO  Log - Navigating to Twitter post incepator page...
2025-08-03 12:59:58 [TestNG-tests-2] INFO  Log - Loging in...
2025-08-03 12:59:58 [TestNG-tests-2] INFO  Log - Validating each URL and taking screen shots...
]]></system-out>
    <system-err><![CDATA[SLF4J: Failed to load class "org.slf4j.impl.StaticLoggerBinder".
SLF4J: Defaulting to no-operation (NOP) logger implementation
SLF4J: See http://www.slf4j.org/codes.html#StaticLoggerBinder for further details.
Aug 03, 2025 12:59:28 PM org.openqa.selenium.manager.SeleniumManager lambda$runCommand$1
WARNING: There was an error managing msedgedriver (error sending request for url (https://msedgedriver.azureedge.net/LATEST_RELEASE_138_WINDOWS)); using driver found in the cache
Aug 03, 2025 12:59:28 PM org.openqa.selenium.manager.SeleniumManager lambda$runCommand$1
WARNING: There was an error managing msedgedriver (error sending request for url (https://msedgedriver.azureedge.net/LATEST_RELEASE_138_WINDOWS)); using driver found in the cache
Aug 03, 2025 12:59:33 PM org.openqa.selenium.devtools.CdpVersionFinder findNearestMatch
WARNING: Unable to find an exact match for CDP version 138, returning the closest version; found: 136; Please update to a Selenium version that supports CDP version 138
Aug 03, 2025 12:59:33 PM org.openqa.selenium.devtools.CdpVersionFinder findNearestMatch
WARNING: Unable to find an exact match for CDP version 138, returning the closest version; found: 136; Please update to a Selenium version that supports CDP version 138
2025-08-03T07:29:36.448881Z TestNG-tests-1 INFO Starting configuration XmlConfiguration[location=C:\Users\v-rkammili\OneDrive - Microsoft\Automation_Projects\Scrapper_autoamtion\Scrapper_autoamtion\target\test-classes\Log4j2.xml, lastModified=2025-07-07T06:29:38.381Z]...
2025-08-03T07:29:36.458878400Z TestNG-tests-1 INFO Configuration XmlConfiguration[location=C:\Users\v-rkammili\OneDrive - Microsoft\Automation_Projects\Scrapper_autoamtion\Scrapper_autoamtion\target\test-classes\Log4j2.xml, lastModified=2025-07-07T06:29:38.381Z] started.
2025-08-03T07:29:36.478119600Z TestNG-tests-1 INFO Stopping configuration org.apache.logging.log4j.core.config.DefaultConfiguration@6c165ad5...
2025-08-03T07:29:36.480127200Z TestNG-tests-1 INFO Configuration org.apache.logging.log4j.core.config.DefaultConfiguration@6c165ad5 stopped.
]]></system-err>
  </testcase>
  <testcase name="twitterInspectPost[https://www.microsoft.com/en-us/surface](1)" classname="OG_image.ScrappersTwitter" time="3.369">
    <system-out><![CDATA[Screen shot taken successfully..
]]></system-out>
  </testcase>
  <testcase name="twitterInspectPost[https://www.microsoft.com/en-us/store/b/surface-pro-keyboards](2)" classname="OG_image.ScrappersTwitter" time="2.224">
    <system-out><![CDATA[Screen shot taken successfully..
]]></system-out>
  </testcase>
  <testcase name="twitterInspectPost[https://www.microsoft.com/en-us/surface/devices/surface-laptop](3)" classname="OG_image.ScrappersTwitter" time="3.068">
    <system-out><![CDATA[Screen shot taken successfully..
]]></system-out>
  </testcase>
  <testcase name="twitterInspectPost[https://www.microsoft.com/en-us/store/collections/surfacelaptopaccessories?headerid=department-surface](4)" classname="OG_image.ScrappersTwitter" time="2.991">
    <system-out><![CDATA[Screen shot taken successfully..
]]></system-out>
  </testcase>
  <testcase name="twitterInspectPost[https://www.microsoft.com/en-us/d/surface-studio-2-plus/8vlfqc3597k4](5)" classname="OG_image.ScrappersTwitter" time="3.851">
    <system-out><![CDATA[Screen shot taken successfully..
]]></system-out>
  </testcase>
  <testcase name="logLastLine" classname="OG_image.ScrappersTwitter" time="0">
    <system-out><![CDATA[2025-08-03 13:00:21 [TestNG-tests-2] INFO  Log - twitter scrappers validation has been completed..!
]]></system-out>
  </testcase>
  <testcase name="facebookLanding" classname="OG_image.ScrappersFacebook" time="24.845">
    <system-out><![CDATA[2025-08-03 13:00:01 [TestNG-tests-1] INFO  Log - Loging in...
2025-08-03 13:00:01 [TestNG-tests-1] INFO  Log - Validating each URL and taking screen shots...
]]></system-out>
  </testcase>
  <testcase name="facebookPostInce[https://www.microsoft.com/en-us/surface](1)" classname="OG_image.ScrappersFacebook" time="0.692">
    <system-out><![CDATA[Screen shot taken successfully..
]]></system-out>
  </testcase>
  <testcase name="facebookPostInce[https://www.microsoft.com/en-us/store/b/surface-pro-keyboards](2)" classname="OG_image.ScrappersFacebook" time="0.221">
    <system-out><![CDATA[Screen shot taken successfully..
]]></system-out>
  </testcase>
  <testcase name="facebookPostInce[https://www.microsoft.com/en-us/surface/devices/surface-laptop](3)" classname="OG_image.ScrappersFacebook" time="1.421">
    <system-out><![CDATA[Screen shot taken successfully..
]]></system-out>
  </testcase>
  <testcase name="facebookPostInce[https://www.microsoft.com/en-us/store/collections/surfacelaptopaccessories?headerid=department-surface](4)" classname="OG_image.ScrappersFacebook" time="2.568">
    <system-out><![CDATA[2025-08-03 13:00:22 [TestNG-tests-2] INFO  Log - Browser session ended...
Screen shot taken successfully..
]]></system-out>
    <system-err><![CDATA[Aug 03, 2025 1:00:23 PM org.openqa.selenium.manager.SeleniumManager lambda$runCommand$1
WARNING: There was an error managing msedgedriver (error sending request for url (https://msedgedriver.azureedge.net/LATEST_RELEASE_138_WINDOWS)); using driver found in the cache
]]></system-err>
  </testcase>
  <testcase name="facebookPostInce[https://www.microsoft.com/en-us/d/surface-studio-2-plus/8vlfqc3597k4](5)" classname="OG_image.ScrappersFacebook" time="3.725">
    <system-out><![CDATA[2025-08-03 13:00:25 [TestNG-tests-2] INFO  Log - Browser session satrted...
Screen shot taken successfully..
]]></system-out>
    <system-err><![CDATA[Aug 03, 2025 1:00:25 PM org.openqa.selenium.devtools.CdpVersionFinder findNearestMatch
WARNING: Unable to find an exact match for CDP version 138, returning the closest version; found: 136; Please update to a Selenium version that supports CDP version 138
]]></system-err>
  </testcase>
  <testcase name="logLastLine" classname="OG_image.ScrappersFacebook" time="0.007">
    <system-out><![CDATA[2025-08-03 13:00:28 [TestNG-tests-1] INFO  Log - Facebook scrappers validation has been completed..!
]]></system-out>
  </testcase>
  <testcase name="LikedInLanding" classname="OG_image.ScrappersLinkedIn" time="25.845">
    <system-out><![CDATA[2025-08-03 13:00:34 [TestNG-tests-1] INFO  Log - Browser session ended...
2025-08-03 13:00:49 [TestNG-tests-2] INFO  Log - Navigating to LinkedIn post incepator page...
2025-08-03 13:00:54 [TestNG-tests-2] INFO  Log - Loging in...
2025-08-03 13:00:54 [TestNG-tests-2] INFO  Log - Validating each URL and taking screen shots...
]]></system-out>
  </testcase>
  <testcase name="LinkedInPostInception[https://www.microsoft.com/en-us/surface](1)" classname="OG_image.ScrappersLinkedIn" time="4.166">
    <system-out><![CDATA[Screen shot taken successfully..
]]></system-out>
  </testcase>
  <testcase name="LinkedInPostInception[https://www.microsoft.com/en-us/store/b/surface-pro-keyboards](2)" classname="OG_image.ScrappersLinkedIn" time="5.103">
    <system-out><![CDATA[Screen shot taken successfully..
]]></system-out>
  </testcase>
  <testcase name="LinkedInPostInception[https://www.microsoft.com/en-us/surface/devices/surface-laptop](3)" classname="OG_image.ScrappersLinkedIn" time="5.029">
    <system-out><![CDATA[Screen shot taken successfully..
]]></system-out>
  </testcase>
  <testcase name="LinkedInPostInception[https://www.microsoft.com/en-us/store/collections/surfacelaptopaccessories?headerid=department-surface](4)" classname="OG_image.ScrappersLinkedIn" time="6.6">
    <system-out><![CDATA[Screen shot taken successfully..
]]></system-out>
  </testcase>
  <testcase name="LinkedInPostInception[https://www.microsoft.com/en-us/d/surface-studio-2-plus/8vlfqc3597k4](5)" classname="OG_image.ScrappersLinkedIn" time="6.492">
    <system-out><![CDATA[Screen shot taken successfully..
]]></system-out>
  </testcase>
  <testcase name="logLastLine" classname="OG_image.ScrappersLinkedIn" time="0.014">
    <system-out><![CDATA[2025-08-03 13:01:22 [TestNG-tests-2] INFO  Log - LinkedInPostInception scrappers validation has been completed..!
]]></system-out>
  </testcase>
</testsuite>