<?xml version="1.0" encoding="UTF-8"?>
<!-- Generated by org.testng.reporters.JUnitReportReporter -->
<testsuite hostname="LP-5CD212M0Y5" failures="0" tests="7" name="OG_image.ScrappersFacebook" time="63.360" errors="0" timestamp="2025-07-22T12:05:37 IST" skipped="0">
  <testcase classname="OG_image.ScrappersFacebook" name="facebookPostInce" time="3.562"/>
  <testcase classname="OG_image.ScrappersFacebook" name="sendEmail" time="5.022"/>
  <testcase classname="OG_image.ScrappersFacebook" name="logLastLine" time="0.011"/>
  <testcase classname="OG_image.ScrappersFacebook" name="facebookPostInce" time="6.191"/>
  <testcase classname="OG_image.ScrappersFacebook" name="facebookLanding" time="35.575"/>
  <testcase classname="OG_image.ScrappersFacebook" name="facebookPostInce" time="4.017"/>
  <testcase classname="OG_image.ScrappersFacebook" name="facebookPostInce" time="8.982"/>
</testsuite> <!-- OG_image.ScrappersFacebook -->
