<?xml version="1.0" encoding="UTF-8"?>
<!-- Generated by org.testng.reporters.JUnitReportReporter -->
<testsuite hostname="LP-5CD212M0Y5" failures="0" tests="6" name="OG_image.ScrappersFacebook" time="27.308" errors="0" timestamp="2025-07-24T12:46:06 IST" skipped="0">
  <testcase classname="OG_image.ScrappersFacebook" name="facebookPostInce" time="1.775"/>
  <testcase classname="OG_image.ScrappersFacebook" name="facebookPostInce" time="3.545"/>
  <testcase classname="OG_image.ScrappersFacebook" name="logLastLine" time="0.004"/>
  <testcase classname="OG_image.ScrappersFacebook" name="facebookLanding" time="17.515"/>
  <testcase classname="OG_image.ScrappersFacebook" name="facebookPostInce" time="1.836"/>
  <testcase classname="OG_image.ScrappersFacebook" name="facebookPostInce" time="2.633"/>
</testsuite> <!-- OG_image.ScrappersFacebook -->
