<?xml version="1.0" encoding="UTF-8"?>
<!-- Generated by org.testng.reporters.JUnitReportReporter -->
<testsuite hostname="LP-5CD212M0Y5" failures="0" tests="6" name="OG_image.ScrappersLinkedIn" time="25.771" errors="0" timestamp="2025-07-24T13:13:23 IST" skipped="0">
  <testcase classname="OG_image.ScrappersLinkedIn" name="LinkedInPostInception" time="3.135"/>
  <testcase classname="OG_image.ScrappersLinkedIn" name="LinkedInPostInception" time="3.120"/>
  <testcase classname="OG_image.ScrappersLinkedIn" name="logLastLine" time="0.001"/>
  <testcase classname="OG_image.ScrappersLinkedIn" name="LikedInLanding" time="11.703"/>
  <testcase classname="OG_image.ScrappersLinkedIn" name="LinkedInPostInception" time="4.386"/>
  <testcase classname="OG_image.ScrappersLinkedIn" name="LinkedInPostInception" time="3.426"/>
</testsuite> <!-- OG_image.ScrappersLinkedIn -->
