<?xml version="1.0" encoding="UTF-8"?>
<!-- Generated by org.testng.reporters.JUnitReportReporter -->
<testsuite hostname="LP-5CD212M0Y5" failures="0" tests="7" name="OG_image.ScrappersFacebook" time="51.743" errors="0" timestamp="2025-07-22T11:58:34 IST" skipped="0">
  <testcase classname="OG_image.ScrappersFacebook" name="sendEmail" time="3.847"/>
  <testcase classname="OG_image.ScrappersFacebook" name="facebookPostInce" time="2.963"/>
  <testcase classname="OG_image.ScrappersFacebook" name="facebookLanding" time="33.556"/>
  <testcase classname="OG_image.ScrappersFacebook" name="logLastLine" time="0.018"/>
  <testcase classname="OG_image.ScrappersFacebook" name="facebookPostInce" time="3.189"/>
  <testcase classname="OG_image.ScrappersFacebook" name="facebookPostInce" time="2.672"/>
  <testcase classname="OG_image.ScrappersFacebook" name="facebookPostInce" time="5.498"/>
</testsuite> <!-- OG_image.ScrappersFacebook -->
