<?xml version="1.0" encoding="UTF-8"?>
<!-- Generated by org.testng.reporters.JUnitReportReporter -->
<testsuite hostname="LP-5CD212M0Y5" failures="0" tests="6" name="OG_image.ScrappersTwitter" time="24.066" errors="0" timestamp="2025-07-24T13:13:23 IST" skipped="0">
  <testcase classname="OG_image.ScrappersTwitter" name="logLastLine" time="0.003"/>
  <testcase classname="OG_image.ScrappersTwitter" name="twitterInspectPost" time="2.189"/>
  <testcase classname="OG_image.ScrappersTwitter" name="twitterInspectPost" time="4.497"/>
  <testcase classname="OG_image.ScrappersTwitter" name="twitterInspectPost" time="2.086"/>
  <testcase classname="OG_image.ScrappersTwitter" name="twitterLanding" time="10.688"/>
  <testcase classname="OG_image.ScrappersTwitter" name="twitterInspectPost" time="4.603"/>
</testsuite> <!-- OG_image.ScrappersTwitter -->
