<?xml version="1.0" encoding="UTF-8"?>
<!-- Generated by org.testng.reporters.JUnitReportReporter -->
<testsuite hostname="LP-5CD212M0Y5" failures="0" tests="7" name="OG_image.ScrappersLinkedIn" time="28.736" errors="0" timestamp="2025-07-22T11:58:34 IST" skipped="0">
  <testcase classname="OG_image.ScrappersLinkedIn" name="LikedInLanding" time="18.542"/>
  <testcase classname="OG_image.ScrappersLinkedIn" name="sendEmail" time="3.389"/>
  <testcase classname="OG_image.ScrappersLinkedIn" name="LinkedInPostInception" time="1.620"/>
  <testcase classname="OG_image.ScrappersLinkedIn" name="LinkedInPostInception" time="1.693"/>
  <testcase classname="OG_image.ScrappersLinkedIn" name="LinkedInPostInception" time="1.787"/>
  <testcase classname="OG_image.ScrappersLinkedIn" name="LinkedInPostInception" time="1.697"/>
  <testcase classname="OG_image.ScrappersLinkedIn" name="logLastLine" time="0.008"/>
</testsuite> <!-- OG_image.ScrappersLinkedIn -->
