<?xml version="1.0" encoding="UTF-8"?>
<!-- Generated by org.testng.reporters.JUnitReportReporter -->
<testsuite hostname="LP-5CD212M0Y5" failures="0" tests="7" name="OG_image.ScrappersTwitter" time="38.115" errors="0" timestamp="2025-07-22T12:05:37 IST" skipped="0">
  <testcase classname="OG_image.ScrappersTwitter" name="twitterInspectPost" time="3.508"/>
  <testcase classname="OG_image.ScrappersTwitter" name="twitterInspectPost" time="3.101"/>
  <testcase classname="OG_image.ScrappersTwitter" name="twitterLanding" time="18.848"/>
  <testcase classname="OG_image.ScrappersTwitter" name="twitterInspectPost" time="2.682"/>
  <testcase classname="OG_image.ScrappersTwitter" name="logLastLine" time="0.008"/>
  <testcase classname="OG_image.ScrappersTwitter" name="twitterInspectPost" time="2.571"/>
  <testcase classname="OG_image.ScrappersTwitter" name="sendEmail" time="7.397"/>
</testsuite> <!-- OG_image.ScrappersTwitter -->
