<?xml version="1.0" encoding="UTF-8"?>
<!-- Generated by org.testng.reporters.JUnitReportReporter -->
<testsuite hostname="LP-5CD212M0Y5" failures="0" tests="6" name="OG_image.ScrappersTwitter" time="19.974" errors="0" timestamp="2025-07-24T12:46:06 IST" skipped="0">
  <testcase classname="OG_image.ScrappersTwitter" name="twitterInspectPost" time="2.082"/>
  <testcase classname="OG_image.ScrappersTwitter" name="twitterLanding" time="8.479"/>
  <testcase classname="OG_image.ScrappersTwitter" name="twitterInspectPost" time="5.194"/>
  <testcase classname="OG_image.ScrappersTwitter" name="logLastLine" time="0.004"/>
  <testcase classname="OG_image.ScrappersTwitter" name="twitterInspectPost" time="2.191"/>
  <testcase classname="OG_image.ScrappersTwitter" name="twitterInspectPost" time="2.024"/>
</testsuite> <!-- OG_image.ScrappersTwitter -->
