<?xml version="1.0" encoding="UTF-8"?>
<!-- Generated by org.testng.reporters.JUnitReportReporter -->
<testsuite hostname="LP-5CD212M0Y5" failures="0" tests="6" name="OG_image.ScrappersFacebook" time="26.110" errors="0" timestamp="2025-07-24T13:13:23 IST" skipped="0">
  <testcase classname="OG_image.ScrappersFacebook" name="facebookLanding" time="19.010"/>
  <testcase classname="OG_image.ScrappersFacebook" name="facebookPostInce" time="1.627"/>
  <testcase classname="OG_image.ScrappersFacebook" name="facebookPostInce" time="1.984"/>
  <testcase classname="OG_image.ScrappersFacebook" name="facebookPostInce" time="1.624"/>
  <testcase classname="OG_image.ScrappersFacebook" name="facebookPostInce" time="1.863"/>
  <testcase classname="OG_image.ScrappersFacebook" name="logLastLine" time="0.002"/>
</testsuite> <!-- OG_image.ScrappersFacebook -->
