<?xml version="1.0" encoding="UTF-8"?>
<!-- Generated by org.testng.reporters.JUnitReportReporter -->
<testsuite hostname="LP-5CD212M0Y5" failures="0" tests="7" name="OG_image.ScrappersTwitter" time="41.835" errors="0" timestamp="2025-07-22T11:58:34 IST" skipped="0">
  <testcase classname="OG_image.ScrappersTwitter" name="twitterInspectPost" time="2.873"/>
  <testcase classname="OG_image.ScrappersTwitter" name="twitterInspectPost" time="3.632"/>
  <testcase classname="OG_image.ScrappersTwitter" name="twitterInspectPost" time="5.657"/>
  <testcase classname="OG_image.ScrappersTwitter" name="twitterInspectPost" time="2.835"/>
  <testcase classname="OG_image.ScrappersTwitter" name="logLastLine" time="0.010"/>
  <testcase classname="OG_image.ScrappersTwitter" name="twitterLanding" time="21.474"/>
  <testcase classname="OG_image.ScrappersTwitter" name="sendEmail" time="5.354"/>
</testsuite> <!-- OG_image.ScrappersTwitter -->
