<?xml version="1.0" encoding="UTF-8"?>
<!-- Generated by org.testng.reporters.JUnitReportReporter -->
<testsuite hostname="LP-5CD212M0Y5" failures="0" tests="7" name="OG_image.ScrappersTwitter" time="39.863" errors="0" timestamp="2025-08-03T13:01:34 IST" skipped="0">
  <testcase classname="OG_image.ScrappersTwitter" name="twitterInspectPost" time="3.068"/>
  <testcase classname="OG_image.ScrappersTwitter" name="logLastLine" time="0.000"/>
  <testcase classname="OG_image.ScrappersTwitter" name="twitterInspectPost" time="3.364"/>
  <testcase classname="OG_image.ScrappersTwitter" name="twitterInspectPost" time="3.215"/>
  <testcase classname="OG_image.ScrappersTwitter" name="twitterLanding" time="22.021"/>
  <testcase classname="OG_image.ScrappersTwitter" name="twitterInspectPost" time="5.276"/>
  <testcase classname="OG_image.ScrappersTwitter" name="twitterInspectPost" time="2.919"/>
</testsuite> <!-- OG_image.ScrappersTwitter -->
