<?xml version="1.0" encoding="UTF-8"?>
<!-- Generated by org.testng.reporters.JUnitReportReporter -->
<testsuite hostname="LP-5CD212M0Y5" failures="0" tests="4" name="OG_image.ScrappersFacebook" time="37.286" errors="0" timestamp="2025-08-10T15:02:45 IST" skipped="0">
  <testcase classname="OG_image.ScrappersFacebook" name="facebookPostInce" time="1.529"/>
  <testcase classname="OG_image.ScrappersFacebook" name="facebookPostInce" time="3.848"/>
  <testcase classname="OG_image.ScrappersFacebook" name="facebookLanding" time="31.898"/>
  <testcase classname="OG_image.ScrappersFacebook" name="logLastLine" time="0.011"/>
</testsuite> <!-- OG_image.ScrappersFacebook -->
