<?xml version="1.0" encoding="UTF-8"?>
<!-- Generated by org.testng.reporters.JUnitReportReporter -->
<testsuite hostname="LP-5CD212M0Y5" failures="0" tests="7" name="OG_image.ScrappersFacebook" time="50.410" errors="0" timestamp="2025-08-03T13:01:34 IST" skipped="0">
  <testcase classname="OG_image.ScrappersFacebook" name="facebookPostInce" time="6.425"/>
  <testcase classname="OG_image.ScrappersFacebook" name="facebookPostInce" time="5.518"/>
  <testcase classname="OG_image.ScrappersFacebook" name="facebookPostInce" time="5.135"/>
  <testcase classname="OG_image.ScrappersFacebook" name="logLastLine" time="0.002"/>
  <testcase classname="OG_image.ScrappersFacebook" name="facebookPostInce" time="4.060"/>
  <testcase classname="OG_image.ScrappersFacebook" name="facebookLanding" time="24.849"/>
  <testcase classname="OG_image.ScrappersFacebook" name="facebookPostInce" time="4.421"/>
</testsuite> <!-- OG_image.ScrappersFacebook -->
