<?xml version="1.0" encoding="UTF-8"?>
<!-- Generated by org.testng.reporters.JUnitReportReporter -->
<testsuite hostname="LP-5CD212M0Y5" failures="0" tests="7" name="OG_image.ScrappersLinkedIn" time="56.958" errors="0" timestamp="2025-08-03T13:01:34 IST" skipped="0">
  <testcase classname="OG_image.ScrappersLinkedIn" name="LikedInLanding" time="29.564"/>
  <testcase classname="OG_image.ScrappersLinkedIn" name="LinkedInPostInception" time="5.102"/>
  <testcase classname="OG_image.ScrappersLinkedIn" name="LinkedInPostInception" time="5.028"/>
  <testcase classname="OG_image.ScrappersLinkedIn" name="LinkedInPostInception" time="4.159"/>
  <testcase classname="OG_image.ScrappersLinkedIn" name="LinkedInPostInception" time="6.599"/>
  <testcase classname="OG_image.ScrappersLinkedIn" name="LinkedInPostInception" time="6.497"/>
  <testcase classname="OG_image.ScrappersLinkedIn" name="logLastLine" time="0.009"/>
</testsuite> <!-- OG_image.ScrappersLinkedIn -->
